This is pdfTeX, Version 3.141592653-2.6-1.40.24 (MiKTeX 22.1) (preloaded format=pdflatex 2023.11.28)  18 FEB 2024 21:47
entering extended mode
 restricted \write18 enabled.
 file:line:error style messages enabled.
 %&-line parsing enabled.
**/Users/mauro/Library/CloudStorage/OneDrive-ThePennsylvaniaStateUniversity/597/HW_2/HW2.tex
(/Users/mauro/Library/CloudStorage/OneDrive-ThePennsylvaniaStateUniversity/597/HW_2/HW2.tex
LaTeX2e <2023-11-01>
L3 programming layer <2023-11-09>
(/Users/mauro/Library/Application Support/MiKTeX/texmfs/install/tex/latex/base/article.cls
Document Class: article 2023/05/17 v1.4n Standard LaTeX document class
(/Users/mauro/Library/Application Support/MiKTeX/texmfs/install/tex/latex/base/size10.clo
File: size10.clo 2023/05/17 v1.4n Standard LaTeX file (size option)
)
\c@part=\count186
\c@section=\count187
\c@subsection=\count188
\c@subsubsection=\count189
\c@paragraph=\count190
\c@subparagraph=\count191
\c@figure=\count192
\c@table=\count193
\abovecaptionskip=\skip48
\belowcaptionskip=\skip49
\bibindent=\dimen140
) (/Library/Application Support/MiKTeX/texmfs/install/tex/latex/graphics/graphicx.sty
Package: graphicx 2021/09/16 v1.2d Enhanced LaTeX Graphics (DPC,SPQR)
 (/Library/Application Support/MiKTeX/texmfs/install/tex/latex/graphics/keyval.sty
Package: keyval 2022/05/29 v1.15 key=value parser (DPC)
\KV@toks@=\toks17
) (/Library/Application Support/MiKTeX/texmfs/install/tex/latex/graphics/graphics.sty
Package: graphics 2022/03/10 v1.4e Standard LaTeX Graphics (DPC,SPQR)
 (/Library/Application Support/MiKTeX/texmfs/install/tex/latex/graphics/trig.sty
Package: trig 2021/08/11 v1.11 sin cos tan (DPC)
) (/Library/Application Support/MiKTeX/texmfs/install/tex/latex/graphics-cfg/graphics.cfg
File: graphics.cfg 2016/06/04 v1.11 sample graphics configuration
)
Package graphics Info: Driver file: pdftex.def on input line 107.
 (/Library/Application Support/MiKTeX/texmfs/install/tex/latex/graphics-def/pdftex.def
File: pdftex.def 2022/09/22 v1.2b Graphics/color driver for pdftex
))
\Gin@req@height=\dimen141
\Gin@req@width=\dimen142
) (/Users/mauro/Library/Application Support/MiKTeX/texmfs/install/tex/latex/float/float.sty
Package: float 2001/11/08 v1.3d Float enhancements (AL)
\c@float@type=\count194
\float@exts=\toks18
\float@box=\box51
\@float@everytoks=\toks19
\@floatcapt=\box52
) (/Users/mauro/Library/Application Support/MiKTeX/texmfs/install/tex/latex/subfig/subfig.sty
Package: subfig 2005/06/28 ver: 1.3 subfig package
 (/Users/mauro/Library/Application Support/MiKTeX/texmfs/install/tex/latex/caption/caption.sty
Package: caption 2023/08/05 v3.6o Customizing captions (AR)
 (/Users/mauro/Library/Application Support/MiKTeX/texmfs/install/tex/latex/caption/caption3.sty
Package: caption3 2023/07/31 v2.4d caption3 kernel (AR)
\caption@tempdima=\dimen143
\captionmargin=\dimen144
\caption@leftmargin=\dimen145
\caption@rightmargin=\dimen146
\caption@width=\dimen147
\caption@indent=\dimen148
\caption@parindent=\dimen149
\caption@hangindent=\dimen150
Package caption Info: Standard document class detected.
)
\c@caption@flags=\count195
\c@continuedfloat=\count196
Package caption Info: float package is loaded.
)
\c@KVtest=\count197
\sf@farskip=\skip50
\sf@captopadj=\dimen151
\sf@capskip=\skip51
\sf@nearskip=\skip52
\c@subfigure=\count198
\c@subfigure@save=\count199
\c@lofdepth=\count266
\c@subtable=\count267
\c@subtable@save=\count268
\c@lotdepth=\count269
\sf@top=\skip53
\sf@bottom=\skip54
) (/Library/Application Support/MiKTeX/texmfs/install/tex/latex/amsmath/amsmath.sty
Package: amsmath 2023/05/13 v2.17o AMS math features
\@mathmargin=\skip55

For additional information on amsmath, use the `?' option.
(/Library/Application Support/MiKTeX/texmfs/install/tex/latex/amsmath/amstext.sty
Package: amstext 2021/08/26 v2.01 AMS text
 (/Library/Application Support/MiKTeX/texmfs/install/tex/latex/amsmath/amsgen.sty
File: amsgen.sty 1999/11/30 v2.0 generic functions
\@emptytoks=\toks20
\ex@=\dimen152
)) (/Library/Application Support/MiKTeX/texmfs/install/tex/latex/amsmath/amsbsy.sty
Package: amsbsy 1999/11/29 v1.2d Bold Symbols
\pmbraise@=\dimen153
) (/Library/Application Support/MiKTeX/texmfs/install/tex/latex/amsmath/amsopn.sty
Package: amsopn 2022/04/08 v2.04 operator names
)
\inf@bad=\count270
LaTeX Info: Redefining \frac on input line 234.
\uproot@=\count271
\leftroot@=\count272
LaTeX Info: Redefining \overline on input line 399.
LaTeX Info: Redefining \colon on input line 410.
\classnum@=\count273
\DOTSCASE@=\count274
LaTeX Info: Redefining \ldots on input line 496.
LaTeX Info: Redefining \dots on input line 499.
LaTeX Info: Redefining \cdots on input line 620.
\Mathstrutbox@=\box53
\strutbox@=\box54
LaTeX Info: Redefining \big on input line 722.
LaTeX Info: Redefining \Big on input line 723.
LaTeX Info: Redefining \bigg on input line 724.
LaTeX Info: Redefining \Bigg on input line 725.
\big@size=\dimen154
LaTeX Font Info:    Redeclaring font encoding OML on input line 743.
LaTeX Font Info:    Redeclaring font encoding OMS on input line 744.
\macc@depth=\count275
LaTeX Info: Redefining \bmod on input line 905.
LaTeX Info: Redefining \pmod on input line 910.
LaTeX Info: Redefining \smash on input line 940.
LaTeX Info: Redefining \relbar on input line 970.
LaTeX Info: Redefining \Relbar on input line 971.
\c@MaxMatrixCols=\count276
\dotsspace@=\muskip16
\c@parentequation=\count277
\dspbrk@lvl=\count278
\tag@help=\toks21
\row@=\count279
\column@=\count280
\maxfields@=\count281
\andhelp@=\toks22
\eqnshift@=\dimen155
\alignsep@=\dimen156
\tagshift@=\dimen157
\tagwidth@=\dimen158
\totwidth@=\dimen159
\lineht@=\dimen160
\@envbody=\toks23
\multlinegap=\skip56
\multlinetaggap=\skip57
\mathdisplay@stack=\toks24
LaTeX Info: Redefining \[ on input line 2953.
LaTeX Info: Redefining \] on input line 2954.
) (/Library/Application Support/MiKTeX/texmfs/install/tex/latex/l3backend/l3backend-pdftex.def
File: l3backend-pdftex.def 2023-11-09 L3 backend support: PDF output (pdfTeX)
\l__color_backend_stack_int=\count282
\l__pdf_internal_box=\box55
) (HW2.aux)
\openout1 = `HW2.aux'.

LaTeX Font Info:    Checking defaults for OML/cmm/m/it on input line 7.
LaTeX Font Info:    ... okay on input line 7.
LaTeX Font Info:    Checking defaults for OMS/cmsy/m/n on input line 7.
LaTeX Font Info:    ... okay on input line 7.
LaTeX Font Info:    Checking defaults for OT1/cmr/m/n on input line 7.
LaTeX Font Info:    ... okay on input line 7.
LaTeX Font Info:    Checking defaults for T1/cmr/m/n on input line 7.
LaTeX Font Info:    ... okay on input line 7.
LaTeX Font Info:    Checking defaults for TS1/cmr/m/n on input line 7.
LaTeX Font Info:    ... okay on input line 7.
LaTeX Font Info:    Checking defaults for OMX/cmex/m/n on input line 7.
LaTeX Font Info:    ... okay on input line 7.
LaTeX Font Info:    Checking defaults for U/cmr/m/n on input line 7.
LaTeX Font Info:    ... okay on input line 7.
 (/Library/Application Support/MiKTeX/texmfs/install/tex/context/base/mkii/supp-pdf.mkii
[Loading MPS to PDF converter (version 2006.09.02).]
\scratchcounter=\count283
\scratchdimen=\dimen161
\scratchbox=\box56
\nofMPsegments=\count284
\nofMParguments=\count285
\everyMPshowfont=\toks25
\MPscratchCnt=\count286
\MPscratchDim=\dimen162
\MPnumerator=\count287
\makeMPintoPDFobject=\count288
\everyMPtoPDFconversion=\toks26
) (/Library/Application Support/MiKTeX/texmfs/install/tex/latex/epstopdf-pkg/epstopdf-base.sty
Package: epstopdf-base 2020-01-24 v2.11 Base part for package epstopdf
 (/Users/mauro/Library/Application Support/MiKTeX/texmfs/install/tex/generic/infwarerr/infwarerr.sty
Package: infwarerr 2019/12/03 v1.5 Providing info/warning/error messages (HO)
) (/Users/mauro/Library/Application Support/MiKTeX/texmfs/install/tex/latex/grfext/grfext.sty
Package: grfext 2019/12/03 v1.3 Manage graphics extensions (HO)
 (/Users/mauro/Library/Application Support/MiKTeX/texmfs/install/tex/generic/kvdefinekeys/kvdefinekeys.sty
Package: kvdefinekeys 2019-12-19 v1.6 Define keys (HO)
)) (/Users/mauro/Library/Application Support/MiKTeX/texmfs/install/tex/latex/kvoptions/kvoptions.sty
Package: kvoptions 2022-06-15 v3.15 Key value format for package options (HO)
 (/Users/mauro/Library/Application Support/MiKTeX/texmfs/install/tex/generic/ltxcmds/ltxcmds.sty
Package: ltxcmds 2020-05-10 v1.25 LaTeX kernel commands for general use (HO)
) (/Users/mauro/Library/Application Support/MiKTeX/texmfs/install/tex/latex/kvsetkeys/kvsetkeys.sty
Package: kvsetkeys 2022-10-05 v1.19 Key value parser (HO)
)) (/Library/Application Support/MiKTeX/texmfs/install/tex/generic/pdftexcmds/pdftexcmds.sty
Package: pdftexcmds 2020-06-27 v0.33 Utility functions of pdfTeX for LuaTeX (HO)
 (/Library/Application Support/MiKTeX/texmfs/install/tex/generic/iftex/iftex.sty
Package: iftex 2022/02/03 v1.0f TeX engine tests
)
Package pdftexcmds Info: \pdf@primitive is available.
Package pdftexcmds Info: \pdf@ifprimitive is available.
Package pdftexcmds Info: \pdfdraftmode found.
)
Package epstopdf-base Info: Redefining graphics rule for `.eps' on input line 485.
Package grfext Info: Graphics extension search list:
(grfext)             [.pdf,.png,.jpg,.mps,.jpeg,.jbig2,.jb2,.PDF,.PNG,.JPG,.JPEG,.JBIG2,.JB2,.eps]
(grfext)             \AppendGraphicsExtensions on input line 504.
 (/Library/Application Support/MiKTeX/texmfs/install/tex/latex/00miktex/epstopdf-sys.cfg
File: epstopdf-sys.cfg 2021/03/18 v2.0 Configuration of epstopdf for MiKTeX
))
Package caption Info: Begin \AtBeginDocument code.
Package caption Info: subfig package v1.3 is loaded.
Package caption Info: End \AtBeginDocument code.
<HW2_1.png, id=1, 462.528pt x 346.896pt>
File: HW2_1.png Graphic file (type png)
<use HW2_1.png>
Package pdftex.def Info: HW2_1.png  used on input line 17.
(pdftex.def)             Requested size: 345.0pt x 258.76335pt.
<HW2_1frequency.png, id=3, 462.528pt x 346.896pt>
File: HW2_1frequency.png Graphic file (type png)
<use HW2_1frequency.png>
Package pdftex.def Info: HW2_1frequency.png  used on input line 21.
(pdftex.def)             Requested size: 345.0pt x 258.76335pt.
 [1

{/Users/mauro/Library/Application Support/MiKTeX/texmfs/data/fonts/map/pdftex/pdftex.map} <./HW2_1.png>]
Underfull \hbox (badness 10000) in paragraph at lines 24--27

 []

<HW2_2time.png, id=13, 462.528pt x 346.896pt>
File: HW2_2time.png Graphic file (type png)
<use HW2_2time.png>
Package pdftex.def Info: HW2_2time.png  used on input line 29.
(pdftex.def)             Requested size: 345.0pt x 258.76335pt.
<HW2_2freq.png, id=14, 462.528pt x 346.896pt>
File: HW2_2freq.png Graphic file (type png)
<use HW2_2freq.png>
Package pdftex.def Info: HW2_2freq.png  used on input line 33.
(pdftex.def)             Requested size: 345.0pt x 258.76335pt.
[2 <./HW2_1frequency.png>]
<HW2_2freq_55points.png, id=21, 462.528pt x 346.896pt>
File: HW2_2freq_55points.png Graphic file (type png)
<use HW2_2freq_55points.png>
Package pdftex.def Info: HW2_2freq_55points.png  used on input line 37.
(pdftex.def)             Requested size: 345.0pt x 258.76335pt.
 [3 <./HW2_2time.png>] [4 <./HW2_2freq.png>]
<HW2_2IFFT_55points.png, id=30, 462.528pt x 346.896pt>
File: HW2_2IFFT_55points.png Graphic file (type png)
<use HW2_2IFFT_55points.png>
Package pdftex.def Info: HW2_2IFFT_55points.png  used on input line 43.
(pdftex.def)             Requested size: 345.0pt x 258.76335pt.

Underfull \hbox (badness 10000) in paragraph at lines 40--45

 []

[5 <./HW2_2freq_55points.png>]
Underfull \hbox (badness 10000) in paragraph at lines 46--48

 []

<HW2_3a.png, id=35, 462.528pt x 346.896pt>
File: HW2_3a.png Graphic file (type png)
<use HW2_3a.png>
Package pdftex.def Info: HW2_3a.png  used on input line 50.
(pdftex.def)             Requested size: 345.0pt x 258.76335pt.
<HW2_3_FFT_f'.png, id=36, 462.528pt x 346.896pt>
File: HW2_3_FFT_f'.png Graphic file (type png)
<use HW2_3_FFT_f'.png>
Package pdftex.def Info: HW2_3_FFT_f'.png  used on input line 54.
(pdftex.def)             Requested size: 345.0pt x 258.76335pt.
[6 <./HW2_2IFFT_55points.png>]
<HW2_3d.png, id=41, 462.528pt x 346.896pt>
File: HW2_3d.png Graphic file (type png)
<use HW2_3d.png>
Package pdftex.def Info: HW2_3d.png  used on input line 58.
(pdftex.def)             Requested size: 345.0pt x 258.76335pt.
 [7 <./HW2_3a.png>] [8 <./HW2_3_FFT_f'.png>]
<4a.png, id=51, 462.528pt x 346.896pt>
File: 4a.png Graphic file (type png)
<use 4a.png>
Package pdftex.def Info: 4a.png  used on input line 63.
(pdftex.def)             Requested size: 345.0pt x 258.76335pt.
 [9 <./HW2_3d.png>]
<4b.png, id=56, 462.528pt x 346.896pt>
File: 4b.png Graphic file (type png)
<use 4b.png>
Package pdftex.def Info: 4b.png  used on input line 67.
(pdftex.def)             Requested size: 345.0pt x 258.76335pt.
 [10 <./4a.png>]
<4d.png, id=61, 462.528pt x 346.896pt>
File: 4d.png Graphic file (type png)
<use 4d.png>
Package pdftex.def Info: 4d.png  used on input line 71.
(pdftex.def)             Requested size: 345.0pt x 258.76335pt.
 [11 <./4b.png>]
<4e.png, id=66, 462.528pt x 346.896pt>
File: 4e.png Graphic file (type png)
<use 4e.png>
Package pdftex.def Info: 4e.png  used on input line 75.
(pdftex.def)             Requested size: 345.0pt x 258.76335pt.
 [12 <./4d.png>]
<4f.png, id=71, 462.528pt x 346.896pt>
File: 4f.png Graphic file (type png)
<use 4f.png>
Package pdftex.def Info: 4f.png  used on input line 79.
(pdftex.def)             Requested size: 345.0pt x 258.76335pt.

Overfull \hbox (0.60237pt too wide) in paragraph at lines 77--80
[]\OT1/cmr/m/n/10 Compressed vs original signal. The compressed signal is similar in frequencies
 []

[13 <./4e.png>]
<Ex 5a.1.png, id=77, 462.528pt x 346.896pt>
File: Ex 5a.1.png Graphic file (type png)
<use Ex 5a.1.png>
Package pdftex.def Info: Ex 5a.1.png  used on input line 84.
(pdftex.def)             Requested size: 345.0pt x 258.76335pt.
<Ex 5a.2.png, id=78, 462.528pt x 346.896pt>
File: Ex 5a.2.png Graphic file (type png)
<use Ex 5a.2.png>
Package pdftex.def Info: Ex 5a.2.png  used on input line 88.
(pdftex.def)             Requested size: 345.0pt x 258.76335pt.
 [14 <./4f.png>] [15 <./Ex 5a.1.png>]
<Ex 5c.png, id=87, 462.528pt x 346.896pt>
File: Ex 5c.png Graphic file (type png)
<use Ex 5c.png>
Package pdftex.def Info: Ex 5c.png  used on input line 93.
(pdftex.def)             Requested size: 345.0pt x 258.76335pt.

Underfull \hbox (badness 10000) in paragraph at lines 96--97

 []

[16 <./Ex 5a.2.png>] [17 <./Ex 5c.png>] (HW2.aux)
 ***********
LaTeX2e <2023-11-01>
L3 programming layer <2023-11-09>
 ***********
 ) 
Here is how much of TeX's memory you used:
 4262 strings out of 476521
 74920 string characters out of 5795522
 1928555 words of memory out of 5000000
 26176 multiletter control sequences out of 15000+600000
 563144 words of font info for 54 fonts, out of 8000000 for 9000
 0 hyphenation exceptions out of 8191
 69i,7n,79p,613b,295s stack positions out of 10000i,1000n,20000p,200000b,200000s
</Library/Application Support/MiKTeX/texmfs/install/fonts/type1/public/amsfonts/cm/cmbx12.pfb></Library/Application Support/MiKTeX/texmfs/install/fonts/type1/public/amsfonts/cm/cmmi10.pfb></Library/Application Support/MiKTeX/texmfs/install/fonts/type1/public/amsfonts/cm/cmmi7.pfb></Library/Application Support/MiKTeX/texmfs/install/fonts/type1/public/amsfonts/cm/cmr10.pfb></Library/Application Support/MiKTeX/texmfs/install/fonts/type1/public/amsfonts/cm/cmr12.pfb></Library/Application Support/MiKTeX/texmfs/install/fonts/type1/public/amsfonts/cm/cmr17.pfb>
Output written on HW2.pdf (17 pages, 722546 bytes).
PDF statistics:
 122 PDF objects out of 1000 (max. 8388607)
 0 named destinations out of 1000 (max. 500000)
 86 words of extra memory for PDF output out of 10000 (max. 10000000)

